This is pdfTeX, Version 3.141592653-2.6-1.40.25 (MiKTeX 24.1) (preloaded format=pdflatex 2025.7.6)  15 AUG 2025 13:32
entering extended mode
 restricted \write18 enabled.
 %&-line parsing enabled.
**./Masterarbeit.tex
(Masterarbeit.tex
LaTeX2e <2023-11-01> patch level 1
L3 programming layer <2024-01-04>

(C:\Users\Paul Baselt\AppData\Local\Programs\MiKTeX\tex/latex/koma-script\scrre
prt.cls
Document Class: scrreprt 2025/06/04 v3.45 KOMA-Script document class (report)

(C:\Users\Paul Baselt\AppData\Local\Programs\MiKTeX\tex/latex/koma-script\scrkb
ase.sty
Package: scrkbase 2025/06/04 v3.45 KOMA-Script package (KOMA-Script-dependent b
asics and keyval usage)

(C:\Users\Paul Baselt\AppData\Local\Programs\MiKTeX\tex/latex/koma-script\scrba
se.sty
Package: scrbase 2025/06/04 v3.45 KOMA-Script package (KOMA-Script-independent 
basics and keyval usage)

(C:\Users\Paul Baselt\AppData\Local\Programs\MiKTeX\tex/latex/koma-script\scrlf
ile.sty
Package: scrlfile 2025/06/04 v3.45 KOMA-Script package (file load hooks)

(C:\Users\Paul Baselt\AppData\Local\Programs\MiKTeX\tex/latex/koma-script\scrlf
ile-hook.sty
Package: scrlfile-hook 2025/06/04 v3.45 KOMA-Script package (using LaTeX hooks)


(C:\Users\Paul Baselt\AppData\Local\Programs\MiKTeX\tex/latex/koma-script\scrlo
go.sty
Package: scrlogo 2025/06/04 v3.45 KOMA-Script package (logo)
)))
(C:\Users\Paul Baselt\AppData\Local\Programs\MiKTeX\tex/latex/graphics\keyval.s
ty
Package: keyval 2022/05/29 v1.15 key=value parser (DPC)
\KV@toks@=\toks17
)
Applying: [2021/05/01] Usage of raw or classic option list on input line 254.
Already applied: [0000/00/00] Usage of raw or classic option list on input line
 370.
))
(C:\Users\Paul Baselt\AppData\Local\Programs\MiKTeX\tex/latex/koma-script\tocba
sic.sty
Package: tocbasic 2025/06/04 v3.45 KOMA-Script package (handling toc-files)

! Undefined control sequence.
l.510 \IfPackageLoadedF
                       {tocbibind}{%
The control sequence at the end of the top line
of your error message was never \def'ed. If you have
misspelled it (e.g., `\hobx'), type `I' and the correct
spelling (e.g., `I\hbox'). Otherwise just continue,
and I'll forget about whatever was undefined.


! LaTeX Error: Missing \begin{document}.

See the LaTeX manual or LaTeX Companion for explanation.
Type  H <return>  for immediate help.
 ...                                              
                                                  
l.510 \IfPackageLoadedF{t
                         ocbibind}{%
You're in trouble here.  Try typing  <return>  to proceed.
If that doesn't work, type  X <return>  to quit.

Missing character: There is no t in font nullfont!
Missing character: There is no o in font nullfont!
Missing character: There is no c in font nullfont!
Missing character: There is no b in font nullfont!
Missing character: There is no i in font nullfont!
Missing character: There is no b in font nullfont!
Missing character: There is no i in font nullfont!
Missing character: There is no n in font nullfont!
Missing character: There is no d in font nullfont!
\scr@dte@tocline@numberwidth=\skip48
\scr@dte@tocline@numbox=\box51
)
Package tocbasic Info: omitting babel extension for `toc'
(tocbasic)             because of feature `nobabel' available
(tocbasic)             for `toc' on input line 137.
Package scrreprt Info: You've used standard option `12pt'.
(scrreprt)             This is correct!
(scrreprt)             Internally I'm using `fontsize=12pt'.
(scrreprt)             If you'd like to set the option with \KOMAoptions,
(scrreprt)             you'd have to use `fontsize=12pt' there
(scrreprt)             instead of `12pt', too.
Class scrreprt Info: You've used standard option `openright'.
(scrreprt)           This is correct!
(scrreprt)           Internally I'm using `open=right'.
(scrreprt)           If you'd like to set the option with \KOMAoptions,
(scrreprt)           you'd have to use `open=right' there
(scrreprt)           instead of `openright', too.
Class scrreprt Info: File `scrsize12pt.clo' used to setup font sizes on input l
ine 2697.

(C:\Users\Paul Baselt\AppData\Local\Programs\MiKTeX\tex/latex/koma-script\scrsi
ze12pt.clo
File: scrsize12pt.clo 2025/06/04 v3.45 KOMA-Script font size class option (12pt
)
)
(C:\Users\Paul Baselt\AppData\Local\Programs\MiKTeX\tex/latex/koma-script\typea
rea.sty
Package: typearea 2025/06/04 v3.45 KOMA-Script package (type area)
\ta@bcor=\skip49
\ta@div=\count187
\ta@hblk=\skip50
\ta@vblk=\skip51
\ta@temp=\skip52
\footheight=\skip53
Package typearea Info: These are the values describing the layout:
(typearea)             DIV  = 12
(typearea)             BCOR = 0.0pt
(typearea)             \paperwidth      = 597.50793pt
(typearea)              \textwidth      = 448.13095pt
(typearea)              DIV departure   = -6%
(typearea)              \evensidemargin = 27.31467pt
(typearea)              \oddsidemargin  = -22.47766pt
(typearea)             \paperheight     = 845.04694pt
(typearea)              \textheight     = 635.5pt
(typearea)              \topmargin      = -41.72441pt
(typearea)              \headheight     = 18.125pt
(typearea)              \headsep        = 21.75pt
(typearea)              \topskip        = 12.0pt
(typearea)              \footskip       = 50.75pt
(typearea)              \baselineskip   = 14.5pt
(typearea)              on input line 1804.
)
\c@part=\count188
\c@chapter=\count189
\c@section=\count190
\c@subsection=\count191
\c@subsubsection=\count192
\c@paragraph=\count193
\c@subparagraph=\count194
\scr@dte@chapter@maxnumwidth=\skip54
Class scrreprt Info: using compatibility default `afterindent=bysign'
(scrreprt)           for `\chapter on input line 6036.
\scr@dte@section@maxnumwidth=\skip55
Class scrreprt Info: using compatibility default `runin=bysign'
(scrreprt)           for `\section on input line 6047.
Class scrreprt Info: using compatibility default `afterindent=bysign'
(scrreprt)           for `\section on input line 6047.
\scr@dte@part@maxnumwidth=\skip56
Class scrreprt Info: using compatibility default `afterindent=true'
(scrreprt)           for `\part on input line 6056.
\scr@dte@subsection@maxnumwidth=\skip57
Class scrreprt Info: using compatibility default `runin=bysign'
(scrreprt)           for `\subsection on input line 6066.
Class scrreprt Info: using compatibility default `afterindent=bysign'
(scrreprt)           for `\subsection on input line 6066.
\scr@dte@subsubsection@maxnumwidth=\skip58
Class scrreprt Info: using compatibility default `runin=bysign'
(scrreprt)           for `\subsubsection on input line 6076.
Class scrreprt Info: using compatibility default `afterindent=bysign'
(scrreprt)           for `\subsubsection on input line 6076.
\scr@dte@paragraph@maxnumwidth=\skip59
Class scrreprt Info: using compatibility default `runin=bysign'
(scrreprt)           for `\paragraph on input line 6087.
Class scrreprt Info: using compatibility default `afterindent=bysign'
(scrreprt)           for `\paragraph on input line 6087.
\scr@dte@subparagraph@maxnumwidth=\skip60
Class scrreprt Info: using compatibility default `runin=bysign'
(scrreprt)           for `\subparagraph on input line 6097.
Class scrreprt Info: using compatibility default `afterindent=bysign'
(scrreprt)           for `\subparagraph on input line 6097.

Overfull \hbox (20.0pt too wide) in paragraph at lines 510--6112
[]
 []

\abovecaptionskip=\skip61
\belowcaptionskip=\skip62
\c@pti@nb@sid@b@x=\box52
Package tocbasic Info: omitting babel extension for `lof'
(tocbasic)             because of feature `nobabel' available
(tocbasic)             for `lof' on input line 7300.
\scr@dte@figure@maxnumwidth=\skip63
\c@figure=\count195
Package tocbasic Info: omitting babel extension for `lot'
(tocbasic)             because of feature `nobabel' available
(tocbasic)             for `lot' on input line 7317.
\scr@dte@table@maxnumwidth=\skip64
\c@table=\count196
Class scrreprt Info: Redefining `\numberline' on input line 7488.
\bibindent=\dimen140
) [1{C:/Users/Paul Baselt/AppData/Local/MiKTeX/fonts/map/pdftex/pdftex.map}]
(C:\Users\Paul Baselt\AppData\Local\Programs\MiKTeX\tex/latex/base\inputenc.sty
Package: inputenc 2021/02/14 v1.3d Input encoding file
\inpenc@prehook=\toks18
\inpenc@posthook=\toks19
)
(C:\Users\Paul Baselt\AppData\Local\Programs\MiKTeX\tex/latex/base\fontenc.sty
Package: fontenc 2021/04/29 v2.0v Standard LaTeX package
)
(C:\Users\Paul Baselt\AppData\Local\Programs\MiKTeX\tex/generic/babel\babel.sty
Package: babel 2024/01/07 v24.1 The Babel package
\babel@savecnt=\count197
\U@D=\dimen141
\l@unhyphenated=\language79

(C:\Users\Paul Baselt\AppData\Local\Programs\MiKTeX\tex/generic/babel\txtbabel.
def)
\bbl@readstream=\read2
\bbl@dirlevel=\count198

*************************************
* Local config file bblopts.cfg used
*

(C:\Users\Paul Baselt\AppData\Local\Programs\MiKTeX\tex/latex/arabi\bblopts.cfg
File: bblopts.cfg 2005/09/08 v0.1 add Arabic and Farsi to "declared" options of
 babel
)
(C:\Users\Paul Baselt\AppData\Local\Programs\MiKTeX\tex/latex/babel-german\nger
man.ldf
Language: ngerman 2024/12/10 v2.15 German support for babel (post-1996 orthogra
phy)

(C:\Users\Paul Baselt\AppData\Local\Programs\MiKTeX\tex/latex/babel-german\nger
manb.ldf
Language: ngermanb 2024/12/10 v2.15 German support for babel (post-1996 orthogr
aphy)
Package babel Info: Making " an active character on input line 122.
))
(C:\Users\Paul Baselt\AppData\Local\Programs\MiKTeX\tex/latex/babel-english\eng
lish.ldf
Language: english 2017/06/06 v3.3r English support from the babel system
Package babel Info: Hyphen rules for 'canadian' set to \l@english
(babel)             (\language0). Reported on input line 102.
Package babel Info: Hyphen rules for 'australian' set to \l@ukenglish
(babel)             (\language73). Reported on input line 105.
Package babel Info: Hyphen rules for 'newzealand' set to \l@ukenglish
(babel)             (\language73). Reported on input line 108.
))
(C:\Users\Paul Baselt\AppData\Local\Programs\MiKTeX\tex/generic/babel/locale/en
\babel-english.tex
Package babel Info: Importing font and identification data for english
(babel)             from babel-en.ini. Reported on input line 11.
)
(C:\Users\Paul Baselt\AppData\Local\Programs\MiKTeX\tex/generic/babel/locale/de
\babel-ngerman.tex
Package babel Info: Importing font and identification data for ngerman
(babel)             from babel-de.ini. Reported on input line 11.
)
(C:\Users\Paul Baselt\AppData\Local\Programs\MiKTeX\tex/latex/lm\lmodern.sty
Package: lmodern 2015/05/01 v1.6.1 Latin Modern Fonts
LaTeX Font Info:    Overwriting symbol font `operators' in version `normal'
(Font)                  OT1/cmr/m/n --> OT1/lmr/m/n on input line 22.
LaTeX Font Info:    Overwriting symbol font `letters' in version `normal'
(Font)                  OML/cmm/m/it --> OML/lmm/m/it on input line 23.
LaTeX Font Info:    Overwriting symbol font `symbols' in version `normal'
(Font)                  OMS/cmsy/m/n --> OMS/lmsy/m/n on input line 24.
LaTeX Font Info:    Overwriting symbol font `largesymbols' in version `normal'
(Font)                  OMX/cmex/m/n --> OMX/lmex/m/n on input line 25.
LaTeX Font Info:    Overwriting symbol font `operators' in version `bold'
(Font)                  OT1/cmr/bx/n --> OT1/lmr/bx/n on input line 26.
LaTeX Font Info:    Overwriting symbol font `letters' in version `bold'
(Font)                  OML/cmm/b/it --> OML/lmm/b/it on input line 27.
LaTeX Font Info:    Overwriting symbol font `symbols' in version `bold'
(Font)                  OMS/cmsy/b/n --> OMS/lmsy/b/n on input line 28.
LaTeX Font Info:    Overwriting symbol font `largesymbols' in version `bold'
(Font)                  OMX/cmex/m/n --> OMX/lmex/m/n on input line 29.
LaTeX Font Info:    Overwriting math alphabet `\mathbf' in version `normal'
(Font)                  OT1/cmr/bx/n --> OT1/lmr/bx/n on input line 31.
LaTeX Font Info:    Overwriting math alphabet `\mathsf' in version `normal'
(Font)                  OT1/cmss/m/n --> OT1/lmss/m/n on input line 32.
LaTeX Font Info:    Overwriting math alphabet `\mathit' in version `normal'
(Font)                  OT1/cmr/m/it --> OT1/lmr/m/it on input line 33.
LaTeX Font Info:    Overwriting math alphabet `\mathtt' in version `normal'
(Font)                  OT1/cmtt/m/n --> OT1/lmtt/m/n on input line 34.
LaTeX Font Info:    Overwriting math alphabet `\mathbf' in version `bold'
(Font)                  OT1/cmr/bx/n --> OT1/lmr/bx/n on input line 35.
LaTeX Font Info:    Overwriting math alphabet `\mathsf' in version `bold'
(Font)                  OT1/cmss/bx/n --> OT1/lmss/bx/n on input line 36.
LaTeX Font Info:    Overwriting math alphabet `\mathit' in version `bold'
(Font)                  OT1/cmr/bx/it --> OT1/lmr/bx/it on input line 37.
LaTeX Font Info:    Overwriting math alphabet `\mathtt' in version `bold'
(Font)                  OT1/cmtt/m/n --> OT1/lmtt/m/n on input line 38.
)
(C:\Users\Paul Baselt\AppData\Local\Programs\MiKTeX\tex/latex/csquotes\csquotes
.sty
Package: csquotes 2024-04-04 v5.2o context-sensitive quotations (JAW)

(C:\Users\Paul Baselt\AppData\Local\Programs\MiKTeX\tex/latex/etoolbox\etoolbox
.sty
Package: etoolbox 2020/10/05 v2.5k e-TeX tools for LaTeX (JAW)
\etb@tempcnta=\count199
)
\csq@reset=\count266
\csq@gtype=\count267
\csq@glevel=\count268
\csq@qlevel=\count269
\csq@maxlvl=\count270
\csq@tshold=\count271
\csq@ltx@everypar=\toks20

(C:\Users\Paul Baselt\AppData\Local\Programs\MiKTeX\tex/latex/csquotes\csquotes
.def
File: csquotes.def 2024-04-04 v5.2o csquotes generic definitions (JAW)
)
Package csquotes Info: Trying to load configuration file 'csquotes.cfg'...
Package csquotes Info: ... configuration file loaded successfully.

(C:\Users\Paul Baselt\AppData\Local\Programs\MiKTeX\tex/latex/csquotes\csquotes
.cfg
File: csquotes.cfg 
))
(C:\Users\Paul Baselt\AppData\Local\Programs\MiKTeX\tex/latex/amsmath\amsmath.s
ty
Package: amsmath 2023/05/13 v2.17o AMS math features
\@mathmargin=\skip65

For additional information on amsmath, use the `?' option.

(C:\Users\Paul Baselt\AppData\Local\Programs\MiKTeX\tex/latex/amsmath\amstext.s
ty
Package: amstext 2021/08/26 v2.01 AMS text

(C:\Users\Paul Baselt\AppData\Local\Programs\MiKTeX\tex/latex/amsmath\amsgen.st
y
File: amsgen.sty 1999/11/30 v2.0 generic functions
\@emptytoks=\toks21
\ex@=\dimen142
))
(C:\Users\Paul Baselt\AppData\Local\Programs\MiKTeX\tex/latex/amsmath\amsbsy.st
y
Package: amsbsy 1999/11/29 v1.2d Bold Symbols
\pmbraise@=\dimen143
)
(C:\Users\Paul Baselt\AppData\Local\Programs\MiKTeX\tex/latex/amsmath\amsopn.st
y
Package: amsopn 2022/04/08 v2.04 operator names
)
\inf@bad=\count272
LaTeX Info: Redefining \frac on input line 234.
\uproot@=\count273
\leftroot@=\count274
LaTeX Info: Redefining \overline on input line 399.
LaTeX Info: Redefining \colon on input line 410.
\classnum@=\count275
\DOTSCASE@=\count276
LaTeX Info: Redefining \ldots on input line 496.
LaTeX Info: Redefining \dots on input line 499.
LaTeX Info: Redefining \cdots on input line 620.
\Mathstrutbox@=\box53
\strutbox@=\box54
LaTeX Info: Redefining \big on input line 722.
LaTeX Info: Redefining \Big on input line 723.
LaTeX Info: Redefining \bigg on input line 724.
LaTeX Info: Redefining \Bigg on input line 725.
\big@size=\dimen144
LaTeX Font Info:    Redeclaring font encoding OML on input line 743.
LaTeX Font Info:    Redeclaring font encoding OMS on input line 744.
\macc@depth=\count277
LaTeX Info: Redefining \bmod on input line 905.
LaTeX Info: Redefining \pmod on input line 910.
LaTeX Info: Redefining \smash on input line 940.
LaTeX Info: Redefining \relbar on input line 970.
LaTeX Info: Redefining \Relbar on input line 971.
\c@MaxMatrixCols=\count278
\dotsspace@=\muskip16
\c@parentequation=\count279
\dspbrk@lvl=\count280
\tag@help=\toks22
\row@=\count281
\column@=\count282
\maxfields@=\count283
\andhelp@=\toks23
\eqnshift@=\dimen145
\alignsep@=\dimen146
\tagshift@=\dimen147
\tagwidth@=\dimen148
\totwidth@=\dimen149
\lineht@=\dimen150
\@envbody=\toks24
\multlinegap=\skip66
\multlinetaggap=\skip67
\mathdisplay@stack=\toks25
LaTeX Info: Redefining \[ on input line 2953.
LaTeX Info: Redefining \] on input line 2954.
)
(C:\Users\Paul Baselt\AppData\Local\Programs\MiKTeX\tex/latex/amsfonts\amssymb.
sty
Package: amssymb 2013/01/14 v3.01 AMS font symbols

(C:\Users\Paul Baselt\AppData\Local\Programs\MiKTeX\tex/latex/amsfonts\amsfonts
.sty
Package: amsfonts 2013/01/14 v3.01 Basic AMSFonts support
\symAMSa=\mathgroup4
\symAMSb=\mathgroup5
LaTeX Font Info:    Redeclaring math symbol \hbar on input line 98.
LaTeX Font Info:    Overwriting math alphabet `\mathfrak' in version `bold'
(Font)                  U/euf/m/n --> U/euf/b/n on input line 106.
))
(C:\Users\Paul Baselt\AppData\Local\Programs\MiKTeX\tex/latex/amscls\amsthm.sty
Package: amsthm 2020/05/29 v2.20.6
\thm@style=\toks26
\thm@bodyfont=\toks27
\thm@headfont=\toks28
\thm@notefont=\toks29
\thm@headpunct=\toks30
\thm@preskip=\skip68
\thm@postskip=\skip69
\thm@headsep=\skip70
\dth@everypar=\toks31
)
(C:\Users\Paul Baselt\AppData\Local\Programs\MiKTeX\tex/latex/xpatch\xpatch.sty

(C:\Users\Paul Baselt\AppData\Local\Programs\MiKTeX\tex/latex/l3kernel\expl3.st
y
Package: expl3 2024-01-04 L3 programming layer (loader) 

(C:\Users\Paul Baselt\AppData\Local\Programs\MiKTeX\tex/latex/l3backend\l3backe
nd-pdftex.def
File: l3backend-pdftex.def 2024-01-04 L3 backend support: PDF output (pdfTeX)
\l__color_backend_stack_int=\count284
\l__pdf_internal_box=\box55
))
Package: xpatch 2020/03/25 v0.3a Extending etoolbox patching commands

(C:\Users\Paul Baselt\AppData\Local\Programs\MiKTeX\tex/latex/l3packages/xparse
\xparse.sty
Package: xparse 2023-10-10 L3 Experimental document command parser
))
Class scrreprt Info: amsthm's \deferred@thm@head patched.

(C:\Users\Paul Baselt\AppData\Local\Programs\MiKTeX\tex/latex/mathtools\mathtoo
ls.sty
Package: mathtools 2024/10/04 v1.31 mathematical typesetting tools

(C:\Users\Paul Baselt\AppData\Local\Programs\MiKTeX\tex/latex/tools\calc.sty
Package: calc 2023/07/08 v4.3 Infix arithmetic (KKT,FJ)
\calc@Acount=\count285
\calc@Bcount=\count286
\calc@Adimen=\dimen151
\calc@Bdimen=\dimen152
\calc@Askip=\skip71
\calc@Bskip=\skip72
LaTeX Info: Redefining \setlength on input line 80.
LaTeX Info: Redefining \addtolength on input line 81.
\calc@Ccount=\count287
\calc@Cskip=\skip73
)
(C:\Users\Paul Baselt\AppData\Local\Programs\MiKTeX\tex/latex/mathtools\mhsetup
.sty
Package: mhsetup 2021/03/18 v1.4 programming setup (MH)
)
\g_MT_multlinerow_int=\count288
\l_MT_multwidth_dim=\dimen153
\origjot=\skip74
\l_MT_shortvdotswithinadjustabove_dim=\dimen154
\l_MT_shortvdotswithinadjustbelow_dim=\dimen155
\l_MT_above_intertext_sep=\dimen156
\l_MT_below_intertext_sep=\dimen157
\l_MT_above_shortintertext_sep=\dimen158
\l_MT_below_shortintertext_sep=\dimen159
\xmathstrut@box=\box56
\xmathstrut@dim=\dimen160
)
(C:\Users\Paul Baselt\AppData\Local\Programs\MiKTeX\tex/latex/siunitx\siunitx.s
ty
Package: siunitx 2025-07-09 v3.4.14 A comprehensive (SI) units package
\l__siunitx_number_uncert_offset_int=\count289
\l__siunitx_number_exponent_fixed_int=\count290
\l__siunitx_number_min_decimal_int=\count291
\l__siunitx_number_min_integer_int=\count292
\l__siunitx_number_round_precision_int=\count293
\l__siunitx_number_lower_threshold_int=\count294
\l__siunitx_number_upper_threshold_int=\count295
\l__siunitx_number_group_first_int=\count296
\l__siunitx_number_group_size_int=\count297
\l__siunitx_number_group_minimum_int=\count298
\l__siunitx_angle_tmp_dim=\dimen161
\l__siunitx_angle_marker_box=\box57
\l__siunitx_angle_unit_box=\box58
\l__siunitx_compound_count_int=\count299

(C:\Users\Paul Baselt\AppData\Local\Programs\MiKTeX\tex/latex/translations\tran
slations.sty
Package: translations 2022/02/05 v1.12 internationalization of LaTeX2e packages
 (CN)

(C:\Users\Paul Baselt\AppData\Local\Programs\MiKTeX\tex/generic/pdftexcmds\pdft
excmds.sty
Package: pdftexcmds 2020-06-27 v0.33 Utility functions of pdfTeX for LuaTeX (HO
)

(C:\Users\Paul Baselt\AppData\Local\Programs\MiKTeX\tex/generic/infwarerr\infwa
rerr.sty
Package: infwarerr 2019/12/03 v1.5 Providing info/warning/error messages (HO)
)
(C:\Users\Paul Baselt\AppData\Local\Programs\MiKTeX\tex/generic/iftex\iftex.sty
Package: iftex 2022/02/03 v1.0f TeX engine tests
)
(C:\Users\Paul Baselt\AppData\Local\Programs\MiKTeX\tex/generic/ltxcmds\ltxcmds
.sty
Package: ltxcmds 2023-12-04 v1.26 LaTeX kernel commands for general use (HO)
)
Package pdftexcmds Info: \pdf@primitive is available.
Package pdftexcmds Info: \pdf@ifprimitive is available.
Package pdftexcmds Info: \pdfdraftmode found.
))
\l__siunitx_table_tmp_box=\box59
\l__siunitx_table_tmp_dim=\dimen162
\l__siunitx_table_column_width_dim=\dimen163
\l__siunitx_table_integer_box=\box60
\l__siunitx_table_decimal_box=\box61
\l__siunitx_table_uncert_box=\box62
\l__siunitx_table_before_box=\box63
\l__siunitx_table_after_box=\box64
\l__siunitx_table_before_dim=\dimen164
\l__siunitx_table_carry_dim=\dimen165
\l__siunitx_unit_tmp_int=\count300
\l__siunitx_unit_position_int=\count301
\l__siunitx_unit_total_int=\count302

(C:\Users\Paul Baselt\AppData\Local\Programs\MiKTeX\tex/latex/tools\array.sty
Package: array 2023/10/16 v2.5g Tabular extension package (FMi)
\col@sep=\dimen166
\ar@mcellbox=\box65
\extrarowheight=\dimen167
\NC@list=\toks32
\extratabsurround=\skip75
\backup@length=\skip76
\ar@cellbox=\box66
))
(C:\Users\Paul Baselt\AppData\Local\Programs\MiKTeX\tex/latex/booktabs\booktabs
.sty
Package: booktabs 2020/01/12 v1.61803398 Publication quality tables
\heavyrulewidth=\dimen168
\lightrulewidth=\dimen169
\cmidrulewidth=\dimen170
\belowrulesep=\dimen171
\belowbottomsep=\dimen172
\aboverulesep=\dimen173
\abovetopsep=\dimen174
\cmidrulesep=\dimen175
\cmidrulekern=\dimen176
\defaultaddspace=\dimen177
\@cmidla=\count303
\@cmidlb=\count304
\@aboverulesep=\dimen178
\@belowrulesep=\dimen179
\@thisruleclass=\count305
\@lastruleclass=\count306
\@thisrulewidth=\dimen180
)
(C:\Users\Paul Baselt\AppData\Local\Programs\MiKTeX\tex/latex/graphics\graphicx
.sty
Package: graphicx 2021/09/16 v1.2d Enhanced LaTeX Graphics (DPC,SPQR)

(C:\Users\Paul Baselt\AppData\Local\Programs\MiKTeX\tex/latex/graphics\graphics
.sty
Package: graphics 2022/03/10 v1.4e Standard LaTeX Graphics (DPC,SPQR)

(C:\Users\Paul Baselt\AppData\Local\Programs\MiKTeX\tex/latex/graphics\trig.sty
Package: trig 2021/08/11 v1.11 sin cos tan (DPC)
)
(C:\Users\Paul Baselt\AppData\Local\Programs\MiKTeX\tex/latex/graphics-cfg\grap
hics.cfg
File: graphics.cfg 2016/06/04 v1.11 sample graphics configuration
)
Package graphics Info: Driver file: pdftex.def on input line 107.

(C:\Users\Paul Baselt\AppData\Local\Programs\MiKTeX\tex/latex/graphics-def\pdft
ex.def
File: pdftex.def 2022/09/22 v1.2b Graphics/color driver for pdftex
))
\Gin@req@height=\dimen181
\Gin@req@width=\dimen182
)
(C:\Users\Paul Baselt\AppData\Local\Programs\MiKTeX\tex/latex/caption\subcaptio
n.sty
Package: subcaption 2023/07/28 v1.6b Sub-captions (AR)

(C:\Users\Paul Baselt\AppData\Local\Programs\MiKTeX\tex/latex/caption\caption.s
ty
Package: caption 2023/08/05 v3.6o Customizing captions (AR)

(C:\Users\Paul Baselt\AppData\Local\Programs\MiKTeX\tex/latex/caption\caption3.
sty
Package: caption3 2023/07/31 v2.4d caption3 kernel (AR)
\caption@tempdima=\dimen183
\captionmargin=\dimen184
\caption@leftmargin=\dimen185
\caption@rightmargin=\dimen186
\caption@width=\dimen187
\caption@indent=\dimen188
\caption@parindent=\dimen189
\caption@hangindent=\dimen190
Package caption Info: KOMA-Script document class detected.

(C:\Users\Paul Baselt\AppData\Local\Programs\MiKTeX\tex/latex/caption\caption-k
oma.sto
File: caption-koma.sto 2023/09/08 v2.0e Adaption of the caption package to the 
KOMA-Script document classes (AR)
))
\c@caption@flags=\count307
\c@continuedfloat=\count308
Package caption Info: KOMA-Script scrextend package detected.
\caption@addmargin@hsize=\dimen191
\caption@addmargin@linewidth=\dimen192
)
Package caption Info: New subtype `subfigure' on input line 238.
\c@subfigure=\count309
Package caption Info: New subtype `subtable' on input line 238.
\c@subtable=\count310
)
(C:\Users\Paul Baselt\AppData\Local\Programs\MiKTeX\tex/latex/pgf/frontendlayer
\tikz.sty
(C:\Users\Paul Baselt\AppData\Local\Programs\MiKTeX\tex/latex/pgf/basiclayer\pg
f.sty
(C:\Users\Paul Baselt\AppData\Local\Programs\MiKTeX\tex/latex/pgf/utilities\pgf
rcs.sty
(C:\Users\Paul Baselt\AppData\Local\Programs\MiKTeX\tex/generic/pgf/utilities\p
gfutil-common.tex
\pgfutil@everybye=\toks33
\pgfutil@tempdima=\dimen193
\pgfutil@tempdimb=\dimen194
)
(C:\Users\Paul Baselt\AppData\Local\Programs\MiKTeX\tex/generic/pgf/utilities\p
gfutil-latex.def
\pgfutil@abb=\box67
)
(C:\Users\Paul Baselt\AppData\Local\Programs\MiKTeX\tex/generic/pgf/utilities\p
gfrcs.code.tex
(C:\Users\Paul Baselt\AppData\Local\Programs\MiKTeX\tex/generic/pgf\pgf.revisio
n.tex)
Package: pgfrcs 2023-01-15 v3.1.10 (3.1.10)
))
Package: pgf 2023-01-15 v3.1.10 (3.1.10)

(C:\Users\Paul Baselt\AppData\Local\Programs\MiKTeX\tex/latex/pgf/basiclayer\pg
fcore.sty
(C:\Users\Paul Baselt\AppData\Local\Programs\MiKTeX\tex/latex/pgf/systemlayer\p
gfsys.sty
(C:\Users\Paul Baselt\AppData\Local\Programs\MiKTeX\tex/generic/pgf/systemlayer
\pgfsys.code.tex
Package: pgfsys 2023-01-15 v3.1.10 (3.1.10)

(C:\Users\Paul Baselt\AppData\Local\Programs\MiKTeX\tex/generic/pgf/utilities\p
gfkeys.code.tex
\pgfkeys@pathtoks=\toks34
\pgfkeys@temptoks=\toks35

(C:\Users\Paul Baselt\AppData\Local\Programs\MiKTeX\tex/generic/pgf/utilities\p
gfkeyslibraryfiltered.code.tex
\pgfkeys@tmptoks=\toks36
))
\pgf@x=\dimen195
\pgf@y=\dimen196
\pgf@xa=\dimen197
\pgf@ya=\dimen198
\pgf@xb=\dimen199
\pgf@yb=\dimen256
\pgf@xc=\dimen257
\pgf@yc=\dimen258
\pgf@xd=\dimen259
\pgf@yd=\dimen260
\w@pgf@writea=\write3
\r@pgf@reada=\read3
\c@pgf@counta=\count311
\c@pgf@countb=\count312
\c@pgf@countc=\count313
\c@pgf@countd=\count314
\t@pgf@toka=\toks37
\t@pgf@tokb=\toks38
\t@pgf@tokc=\toks39
\pgf@sys@id@count=\count315

(C:\Users\Paul Baselt\AppData\Local\Programs\MiKTeX\tex/generic/pgf/systemlayer
\pgf.cfg
File: pgf.cfg 2023-01-15 v3.1.10 (3.1.10)
)
Driver file for pgf: pgfsys-pdftex.def

(C:\Users\Paul Baselt\AppData\Local\Programs\MiKTeX\tex/generic/pgf/systemlayer
\pgfsys-pdftex.def
File: pgfsys-pdftex.def 2023-01-15 v3.1.10 (3.1.10)

(C:\Users\Paul Baselt\AppData\Local\Programs\MiKTeX\tex/generic/pgf/systemlayer
\pgfsys-common-pdf.def
File: pgfsys-common-pdf.def 2023-01-15 v3.1.10 (3.1.10)
)))
(C:\Users\Paul Baselt\AppData\Local\Programs\MiKTeX\tex/generic/pgf/systemlayer
\pgfsyssoftpath.code.tex
File: pgfsyssoftpath.code.tex 2023-01-15 v3.1.10 (3.1.10)
\pgfsyssoftpath@smallbuffer@items=\count316
\pgfsyssoftpath@bigbuffer@items=\count317
)
(C:\Users\Paul Baselt\AppData\Local\Programs\MiKTeX\tex/generic/pgf/systemlayer
\pgfsysprotocol.code.tex
File: pgfsysprotocol.code.tex 2023-01-15 v3.1.10 (3.1.10)
))
(C:\Users\Paul Baselt\AppData\Local\Programs\MiKTeX\tex/latex/xcolor\xcolor.sty
Package: xcolor 2023/11/15 v3.01 LaTeX color extensions (UK)

(C:\Users\Paul Baselt\AppData\Local\Programs\MiKTeX\tex/latex/graphics-cfg\colo
r.cfg
File: color.cfg 2016/01/02 v1.6 sample color configuration
)
Package xcolor Info: Driver file: pdftex.def on input line 274.

(C:\Users\Paul Baselt\AppData\Local\Programs\MiKTeX\tex/latex/graphics\mathcolo
r.ltx)
Package xcolor Info: Model `cmy' substituted by `cmy0' on input line 1350.
Package xcolor Info: Model `hsb' substituted by `rgb' on input line 1354.
Package xcolor Info: Model `RGB' extended on input line 1366.
Package xcolor Info: Model `HTML' substituted by `rgb' on input line 1368.
Package xcolor Info: Model `Hsb' substituted by `hsb' on input line 1369.
Package xcolor Info: Model `tHsb' substituted by `hsb' on input line 1370.
Package xcolor Info: Model `HSB' substituted by `hsb' on input line 1371.
Package xcolor Info: Model `Gray' substituted by `gray' on input line 1372.
Package xcolor Info: Model `wave' substituted by `hsb' on input line 1373.
)
(C:\Users\Paul Baselt\AppData\Local\Programs\MiKTeX\tex/generic/pgf/basiclayer\
pgfcore.code.tex
Package: pgfcore 2023-01-15 v3.1.10 (3.1.10)

(C:\Users\Paul Baselt\AppData\Local\Programs\MiKTeX\tex/generic/pgf/math\pgfmat
h.code.tex
(C:\Users\Paul Baselt\AppData\Local\Programs\MiKTeX\tex/generic/pgf/math\pgfmat
hutil.code.tex)
(C:\Users\Paul Baselt\AppData\Local\Programs\MiKTeX\tex/generic/pgf/math\pgfmat
hparser.code.tex
\pgfmath@dimen=\dimen261
\pgfmath@count=\count318
\pgfmath@box=\box68
\pgfmath@toks=\toks40
\pgfmath@stack@operand=\toks41
\pgfmath@stack@operation=\toks42
)
(C:\Users\Paul Baselt\AppData\Local\Programs\MiKTeX\tex/generic/pgf/math\pgfmat
hfunctions.code.tex)
(C:\Users\Paul Baselt\AppData\Local\Programs\MiKTeX\tex/generic/pgf/math\pgfmat
hfunctions.basic.code.tex)
(C:\Users\Paul Baselt\AppData\Local\Programs\MiKTeX\tex/generic/pgf/math\pgfmat
hfunctions.trigonometric.code.tex)
(C:\Users\Paul Baselt\AppData\Local\Programs\MiKTeX\tex/generic/pgf/math\pgfmat
hfunctions.random.code.tex)
(C:\Users\Paul Baselt\AppData\Local\Programs\MiKTeX\tex/generic/pgf/math\pgfmat
hfunctions.comparison.code.tex)
(C:\Users\Paul Baselt\AppData\Local\Programs\MiKTeX\tex/generic/pgf/math\pgfmat
hfunctions.base.code.tex)
(C:\Users\Paul Baselt\AppData\Local\Programs\MiKTeX\tex/generic/pgf/math\pgfmat
hfunctions.round.code.tex)
(C:\Users\Paul Baselt\AppData\Local\Programs\MiKTeX\tex/generic/pgf/math\pgfmat
hfunctions.misc.code.tex)
(C:\Users\Paul Baselt\AppData\Local\Programs\MiKTeX\tex/generic/pgf/math\pgfmat
hfunctions.integerarithmetics.code.tex)
(C:\Users\Paul Baselt\AppData\Local\Programs\MiKTeX\tex/generic/pgf/math\pgfmat
hcalc.code.tex)
(C:\Users\Paul Baselt\AppData\Local\Programs\MiKTeX\tex/generic/pgf/math\pgfmat
hfloat.code.tex
\c@pgfmathroundto@lastzeros=\count319
))
(C:\Users\Paul Baselt\AppData\Local\Programs\MiKTeX\tex/generic/pgf/math\pgfint
.code.tex)
(C:\Users\Paul Baselt\AppData\Local\Programs\MiKTeX\tex/generic/pgf/basiclayer\
pgfcorepoints.code.tex
File: pgfcorepoints.code.tex 2023-01-15 v3.1.10 (3.1.10)
\pgf@picminx=\dimen262
\pgf@picmaxx=\dimen263
\pgf@picminy=\dimen264
\pgf@picmaxy=\dimen265
\pgf@pathminx=\dimen266
\pgf@pathmaxx=\dimen267
\pgf@pathminy=\dimen268
\pgf@pathmaxy=\dimen269
\pgf@xx=\dimen270
\pgf@xy=\dimen271
\pgf@yx=\dimen272
\pgf@yy=\dimen273
\pgf@zx=\dimen274
\pgf@zy=\dimen275
)
(C:\Users\Paul Baselt\AppData\Local\Programs\MiKTeX\tex/generic/pgf/basiclayer\
pgfcorepathconstruct.code.tex
File: pgfcorepathconstruct.code.tex 2023-01-15 v3.1.10 (3.1.10)
\pgf@path@lastx=\dimen276
\pgf@path@lasty=\dimen277
)
(C:\Users\Paul Baselt\AppData\Local\Programs\MiKTeX\tex/generic/pgf/basiclayer\
pgfcorepathusage.code.tex
File: pgfcorepathusage.code.tex 2023-01-15 v3.1.10 (3.1.10)
\pgf@shorten@end@additional=\dimen278
\pgf@shorten@start@additional=\dimen279
)
(C:\Users\Paul Baselt\AppData\Local\Programs\MiKTeX\tex/generic/pgf/basiclayer\
pgfcorescopes.code.tex
File: pgfcorescopes.code.tex 2023-01-15 v3.1.10 (3.1.10)
\pgfpic=\box69
\pgf@hbox=\box70
\pgf@layerbox@main=\box71
\pgf@picture@serial@count=\count320
)
(C:\Users\Paul Baselt\AppData\Local\Programs\MiKTeX\tex/generic/pgf/basiclayer\
pgfcoregraphicstate.code.tex
File: pgfcoregraphicstate.code.tex 2023-01-15 v3.1.10 (3.1.10)
\pgflinewidth=\dimen280
)
(C:\Users\Paul Baselt\AppData\Local\Programs\MiKTeX\tex/generic/pgf/basiclayer\
pgfcoretransformations.code.tex
File: pgfcoretransformations.code.tex 2023-01-15 v3.1.10 (3.1.10)
\pgf@pt@x=\dimen281
\pgf@pt@y=\dimen282
\pgf@pt@temp=\dimen283
)
(C:\Users\Paul Baselt\AppData\Local\Programs\MiKTeX\tex/generic/pgf/basiclayer\
pgfcorequick.code.tex
File: pgfcorequick.code.tex 2023-01-15 v3.1.10 (3.1.10)
)
(C:\Users\Paul Baselt\AppData\Local\Programs\MiKTeX\tex/generic/pgf/basiclayer\
pgfcoreobjects.code.tex
File: pgfcoreobjects.code.tex 2023-01-15 v3.1.10 (3.1.10)
)
(C:\Users\Paul Baselt\AppData\Local\Programs\MiKTeX\tex/generic/pgf/basiclayer\
pgfcorepathprocessing.code.tex
File: pgfcorepathprocessing.code.tex 2023-01-15 v3.1.10 (3.1.10)
)
(C:\Users\Paul Baselt\AppData\Local\Programs\MiKTeX\tex/generic/pgf/basiclayer\
pgfcorearrows.code.tex
File: pgfcorearrows.code.tex 2023-01-15 v3.1.10 (3.1.10)
\pgfarrowsep=\dimen284
)
(C:\Users\Paul Baselt\AppData\Local\Programs\MiKTeX\tex/generic/pgf/basiclayer\
pgfcoreshade.code.tex
File: pgfcoreshade.code.tex 2023-01-15 v3.1.10 (3.1.10)
\pgf@max=\dimen285
\pgf@sys@shading@range@num=\count321
\pgf@shadingcount=\count322
)
(C:\Users\Paul Baselt\AppData\Local\Programs\MiKTeX\tex/generic/pgf/basiclayer\
pgfcoreimage.code.tex
File: pgfcoreimage.code.tex 2023-01-15 v3.1.10 (3.1.10)
)
(C:\Users\Paul Baselt\AppData\Local\Programs\MiKTeX\tex/generic/pgf/basiclayer\
pgfcoreexternal.code.tex
File: pgfcoreexternal.code.tex 2023-01-15 v3.1.10 (3.1.10)
\pgfexternal@startupbox=\box72
)
(C:\Users\Paul Baselt\AppData\Local\Programs\MiKTeX\tex/generic/pgf/basiclayer\
pgfcorelayers.code.tex
File: pgfcorelayers.code.tex 2023-01-15 v3.1.10 (3.1.10)
)
(C:\Users\Paul Baselt\AppData\Local\Programs\MiKTeX\tex/generic/pgf/basiclayer\
pgfcoretransparency.code.tex
File: pgfcoretransparency.code.tex 2023-01-15 v3.1.10 (3.1.10)
)
(C:\Users\Paul Baselt\AppData\Local\Programs\MiKTeX\tex/generic/pgf/basiclayer\
pgfcorepatterns.code.tex
File: pgfcorepatterns.code.tex 2023-01-15 v3.1.10 (3.1.10)
)
(C:\Users\Paul Baselt\AppData\Local\Programs\MiKTeX\tex/generic/pgf/basiclayer\
pgfcorerdf.code.tex
File: pgfcorerdf.code.tex 2023-01-15 v3.1.10 (3.1.10)
)))
(C:\Users\Paul Baselt\AppData\Local\Programs\MiKTeX\tex/generic/pgf/modules\pgf
moduleshapes.code.tex
File: pgfmoduleshapes.code.tex 2023-01-15 v3.1.10 (3.1.10)
\pgfnodeparttextbox=\box73
)
(C:\Users\Paul Baselt\AppData\Local\Programs\MiKTeX\tex/generic/pgf/modules\pgf
moduleplot.code.tex
File: pgfmoduleplot.code.tex 2023-01-15 v3.1.10 (3.1.10)
)
(C:\Users\Paul Baselt\AppData\Local\Programs\MiKTeX\tex/latex/pgf/compatibility
\pgfcomp-version-0-65.sty
Package: pgfcomp-version-0-65 2023-01-15 v3.1.10 (3.1.10)
\pgf@nodesepstart=\dimen286
\pgf@nodesepend=\dimen287
)
(C:\Users\Paul Baselt\AppData\Local\Programs\MiKTeX\tex/latex/pgf/compatibility
\pgfcomp-version-1-18.sty
Package: pgfcomp-version-1-18 2023-01-15 v3.1.10 (3.1.10)
))
(C:\Users\Paul Baselt\AppData\Local\Programs\MiKTeX\tex/latex/pgf/utilities\pgf
for.sty
(C:\Users\Paul Baselt\AppData\Local\Programs\MiKTeX\tex/latex/pgf/utilities\pgf
keys.sty
(C:\Users\Paul Baselt\AppData\Local\Programs\MiKTeX\tex/generic/pgf/utilities\p
gfkeys.code.tex))
(C:\Users\Paul Baselt\AppData\Local\Programs\MiKTeX\tex/latex/pgf/math\pgfmath.
sty
(C:\Users\Paul Baselt\AppData\Local\Programs\MiKTeX\tex/generic/pgf/math\pgfmat
h.code.tex))
(C:\Users\Paul Baselt\AppData\Local\Programs\MiKTeX\tex/generic/pgf/utilities\p
gffor.code.tex
Package: pgffor 2023-01-15 v3.1.10 (3.1.10)
\pgffor@iter=\dimen288
\pgffor@skip=\dimen289
\pgffor@stack=\toks43
\pgffor@toks=\toks44
))
(C:\Users\Paul Baselt\AppData\Local\Programs\MiKTeX\tex/generic/pgf/frontendlay
er/tikz\tikz.code.tex
Package: tikz 2023-01-15 v3.1.10 (3.1.10)

(C:\Users\Paul Baselt\AppData\Local\Programs\MiKTeX\tex/generic/pgf/libraries\p
gflibraryplothandlers.code.tex
File: pgflibraryplothandlers.code.tex 2023-01-15 v3.1.10 (3.1.10)
\pgf@plot@mark@count=\count323
\pgfplotmarksize=\dimen290
)
\tikz@lastx=\dimen291
\tikz@lasty=\dimen292
\tikz@lastxsaved=\dimen293
\tikz@lastysaved=\dimen294
\tikz@lastmovetox=\dimen295
\tikz@lastmovetoy=\dimen296
\tikzleveldistance=\dimen297
\tikzsiblingdistance=\dimen298
\tikz@figbox=\box74
\tikz@figbox@bg=\box75
\tikz@tempbox=\box76
\tikz@tempbox@bg=\box77
\tikztreelevel=\count324
\tikznumberofchildren=\count325
\tikznumberofcurrentchild=\count326
\tikz@fig@count=\count327

(C:\Users\Paul Baselt\AppData\Local\Programs\MiKTeX\tex/generic/pgf/modules\pgf
modulematrix.code.tex
File: pgfmodulematrix.code.tex 2023-01-15 v3.1.10 (3.1.10)
\pgfmatrixcurrentrow=\count328
\pgfmatrixcurrentcolumn=\count329
\pgf@matrix@numberofcolumns=\count330
)
\tikz@expandcount=\count331

(C:\Users\Paul Baselt\AppData\Local\Programs\MiKTeX\tex/generic/pgf/frontendlay
er/tikz/libraries\tikzlibrarytopaths.code.tex
File: tikzlibrarytopaths.code.tex 2023-01-15 v3.1.10 (3.1.10)
)))
(C:\Users\Paul Baselt\AppData\Local\Programs\MiKTeX\tex/latex/pgfplots\pgfplots
.sty
(C:\Users\Paul Baselt\AppData\Local\Programs\MiKTeX\tex/generic/pgfplots\pgfplo
ts.revision.tex)
Package: pgfplots 2021/05/15 v1.18.1 Data Visualization (1.18.1)

(C:\Users\Paul Baselt\AppData\Local\Programs\MiKTeX\tex/generic/pgfplots\pgfplo
ts.code.tex
(C:\Users\Paul Baselt\AppData\Local\Programs\MiKTeX\tex/generic/pgfplots\pgfplo
tscore.code.tex
\t@pgfplots@toka=\toks45
\t@pgfplots@tokb=\toks46
\t@pgfplots@tokc=\toks47
\pgfplots@tmpa=\dimen299
\c@pgfplots@coordindex=\count332
\c@pgfplots@scanlineindex=\count333

(C:\Users\Paul Baselt\AppData\Local\Programs\MiKTeX\tex/generic/pgfplots/sys\pg
fplotssysgeneric.code.tex))
(C:\Users\Paul Baselt\AppData\Local\Programs\MiKTeX\tex/generic/pgfplots/libs\p
gfplotslibrary.code.tex)
(C:\Users\Paul Baselt\AppData\Local\Programs\MiKTeX\tex/generic/pgfplots/oldpgf
compatib\pgfplotsoldpgfsupp_loader.code.tex
(C:\Users\Paul Baselt\AppData\Local\Programs\MiKTeX\tex/generic/pgf/libraries\p
gflibraryfpu.code.tex)
Package pgfplots: loading complementary utilities for your pgf version...
\t@pgf@toka=\toks48
\t@pgf@tokb=\toks49
\t@pgf@tokc=\toks50

(C:\Users\Paul Baselt\AppData\Local\Programs\MiKTeX\tex/generic/pgfplots/oldpgf
compatib\pgfplotsoldpgfsupp_pgfutil-common-lists.tex))
(C:\Users\Paul Baselt\AppData\Local\Programs\MiKTeX\tex/generic/pgfplots/util\p
gfplotsutil.code.tex
(C:\Users\Paul Baselt\AppData\Local\Programs\MiKTeX\tex/generic/pgfplots/listst
ructure\pgfplotsliststructure.code.tex)
(C:\Users\Paul Baselt\AppData\Local\Programs\MiKTeX\tex/generic/pgfplots/listst
ructure\pgfplotsliststructureext.code.tex)
(C:\Users\Paul Baselt\AppData\Local\Programs\MiKTeX\tex/generic/pgfplots/listst
ructure\pgfplotsarray.code.tex
\c@pgfplotsarray@tmp=\count334
)
(C:\Users\Paul Baselt\AppData\Local\Programs\MiKTeX\tex/generic/pgfplots/listst
ructure\pgfplotsmatrix.code.tex)
(C:\Users\Paul Baselt\AppData\Local\Programs\MiKTeX\tex/generic/pgfplots/numtab
le\pgfplotstableshared.code.tex
\c@pgfplotstable@counta=\count335
\t@pgfplotstable@a=\toks51
)
(C:\Users\Paul Baselt\AppData\Local\Programs\MiKTeX\tex/generic/pgfplots/listst
ructure\pgfplotsdeque.code.tex)
(C:\Users\Paul Baselt\AppData\Local\Programs\MiKTeX\tex/generic/pgfplots/util\p
gfplotsbinary.code.tex
(C:\Users\Paul Baselt\AppData\Local\Programs\MiKTeX\tex/generic/pgfplots/util\p
gfplotsbinary.data.code.tex))
(C:\Users\Paul Baselt\AppData\Local\Programs\MiKTeX\tex/generic/pgfplots/util\p
gfplotsutil.verb.code.tex)
(C:\Users\Paul Baselt\AppData\Local\Programs\MiKTeX\tex/generic/pgfplots/libs\p
gflibrarypgfplots.surfshading.code.tex
\c@pgfplotslibrarysurf@no=\count336

(C:\Users\Paul Baselt\AppData\Local\Programs\MiKTeX\tex/generic/pgfplots/sys\pg
flibrarypgfplots.surfshading.pgfsys-pdftex.def)))
(C:\Users\Paul Baselt\AppData\Local\Programs\MiKTeX\tex/generic/pgfplots/util\p
gfplotscolormap.code.tex
(C:\Users\Paul Baselt\AppData\Local\Programs\MiKTeX\tex/generic/pgfplots/util\p
gfplotscolor.code.tex))
(C:\Users\Paul Baselt\AppData\Local\Programs\MiKTeX\tex/generic/pgfplots\pgfplo
tsstackedplots.code.tex)
(C:\Users\Paul Baselt\AppData\Local\Programs\MiKTeX\tex/generic/pgfplots\pgfplo
tsplothandlers.code.tex
(C:\Users\Paul Baselt\AppData\Local\Programs\MiKTeX\tex/generic/pgfplots\pgfplo
tsmeshplothandler.code.tex
(C:\Users\Paul Baselt\AppData\Local\Programs\MiKTeX\tex/generic/pgfplots\pgfplo
tsmeshplotimage.code.tex)))
(C:\Users\Paul Baselt\AppData\Local\Programs\MiKTeX\tex/generic/pgfplots\pgfplo
ts.scaling.code.tex)
(C:\Users\Paul Baselt\AppData\Local\Programs\MiKTeX\tex/generic/pgfplots\pgfplo
tscoordprocessing.code.tex)
(C:\Users\Paul Baselt\AppData\Local\Programs\MiKTeX\tex/generic/pgfplots\pgfplo
ts.errorbars.code.tex)
(C:\Users\Paul Baselt\AppData\Local\Programs\MiKTeX\tex/generic/pgfplots\pgfplo
ts.markers.code.tex)
(C:\Users\Paul Baselt\AppData\Local\Programs\MiKTeX\tex/generic/pgfplots\pgfplo
tsticks.code.tex)
(C:\Users\Paul Baselt\AppData\Local\Programs\MiKTeX\tex/generic/pgfplots\pgfplo
ts.paths.code.tex)
(C:\Users\Paul Baselt\AppData\Local\Programs\MiKTeX\tex/generic/pgf/frontendlay
er/tikz/libraries\tikzlibrarydecorations.code.tex
(C:\Users\Paul Baselt\AppData\Local\Programs\MiKTeX\tex/generic/pgf/modules\pgf
moduledecorations.code.tex
\pgfdecoratedcompleteddistance=\dimen300
\pgfdecoratedremainingdistance=\dimen301
\pgfdecoratedinputsegmentcompleteddistance=\dimen302
\pgfdecoratedinputsegmentremainingdistance=\dimen303
\pgf@decorate@distancetomove=\dimen304
\pgf@decorate@repeatstate=\count337
\pgfdecorationsegmentamplitude=\dimen305
\pgfdecorationsegmentlength=\dimen306
)
\tikz@lib@dec@box=\box78
)
(C:\Users\Paul Baselt\AppData\Local\Programs\MiKTeX\tex/generic/pgf/frontendlay
er/tikz/libraries\tikzlibrarydecorations.pathmorphing.code.tex
(C:\Users\Paul Baselt\AppData\Local\Programs\MiKTeX\tex/generic/pgf/libraries/d
ecorations\pgflibrarydecorations.pathmorphing.code.tex))
(C:\Users\Paul Baselt\AppData\Local\Programs\MiKTeX\tex/generic/pgf/frontendlay
er/tikz/libraries\tikzlibrarydecorations.pathreplacing.code.tex
(C:\Users\Paul Baselt\AppData\Local\Programs\MiKTeX\tex/generic/pgf/libraries/d
ecorations\pgflibrarydecorations.pathreplacing.code.tex))
(C:\Users\Paul Baselt\AppData\Local\Programs\MiKTeX\tex/generic/pgfplots/libs\t
ikzlibrarypgfplots.contourlua.code.tex)
\pgfplots@numplots=\count338
\pgfplots@xmin@reg=\dimen307
\pgfplots@xmax@reg=\dimen308
\pgfplots@ymin@reg=\dimen309
\pgfplots@ymax@reg=\dimen310
\pgfplots@zmin@reg=\dimen311
\pgfplots@zmax@reg=\dimen312
)
(C:\Users\Paul Baselt\AppData\Local\Programs\MiKTeX\tex/generic/pgf/frontendlay
er/tikz/libraries\tikzlibraryplotmarks.code.tex
File: tikzlibraryplotmarks.code.tex 2023-01-15 v3.1.10 (3.1.10)

(C:\Users\Paul Baselt\AppData\Local\Programs\MiKTeX\tex/generic/pgf/libraries\p
gflibraryplotmarks.code.tex
File: pgflibraryplotmarks.code.tex 2023-01-15 v3.1.10 (3.1.10)
)))
(C:\Users\Paul Baselt\AppData\Local\Programs\MiKTeX\tex/latex/listings\listings
.sty
\lst@mode=\count339
\lst@gtempboxa=\box79
\lst@token=\toks52
\lst@length=\count340
\lst@currlwidth=\dimen313
\lst@column=\count341
\lst@pos=\count342
\lst@lostspace=\dimen314
\lst@width=\dimen315
\lst@newlines=\count343
\lst@lineno=\count344
\lst@maxwidth=\dimen316

(C:\Users\Paul Baselt\AppData\Local\Programs\MiKTeX\tex/latex/listings\lstmisc.
sty
File: lstmisc.sty 2023/02/27 1.9 (Carsten Heinz)
\c@lstnumber=\count345
\lst@skipnumbers=\count346
\lst@framebox=\box80
)
(C:\Users\Paul Baselt\AppData\Local\Programs\MiKTeX\tex/latex/listings\listings
.cfg
File: listings.cfg 2023/02/27 1.9 listings configuration
))
Package: listings 2023/02/27 1.9 (Carsten Heinz)

(C:\Users\Paul Baselt\AppData\Local\Programs\MiKTeX\tex/latex/algorithm2e\algor
ithm2e.sty
Package: algorithm2e 2017/07/18 v5.2 algorithms environments
\c@AlgoLine=\count347

(C:\Users\Paul Baselt\AppData\Local\Programs\MiKTeX\tex/latex/base\ifthen.sty
Package: ifthen 2022/04/13 v1.1d Standard LaTeX ifthen package (DPC)
)
\algocf@hangindent=\skip77

(C:\Users\Paul Baselt\AppData\Local\Programs\MiKTeX\tex/latex/ifoddpage\ifoddpa
ge.sty
Package: ifoddpage 2022/10/18 v1.2 Conditionals for odd/even page detection
\c@checkoddpage=\count348
)
(C:\Users\Paul Baselt\AppData\Local\Programs\MiKTeX\tex/latex/tools\xspace.sty
Package: xspace 2014/10/28 v1.13 Space after command names (DPC,MH)
)
(C:\Users\Paul Baselt\AppData\Local\Programs\MiKTeX\tex/latex/relsize\relsize.s
ty
Package: relsize 2013/03/29 ver 4.1
)
\skiptotal=\skip78
\skiplinenumber=\skip79
\skiprule=\skip80
\skiphlne=\skip81
\skiptext=\skip82
\skiplength=\skip83
\algomargin=\skip84
\skipalgocfslide=\skip85
\algowidth=\dimen317
\inoutsize=\dimen318
\inoutindent=\dimen319
\interspacetitleruled=\dimen320
\interspacealgoruled=\dimen321
\interspacetitleboxruled=\dimen322
\algocf@ruledwidth=\skip86
\algocf@inoutbox=\box81
\algocf@inputbox=\box82
\AlCapSkip=\skip87
\AlCapHSkip=\skip88
\algoskipindent=\skip89
\algocf@nlbox=\box83
\algocf@hangingbox=\box84
\algocf@untilbox=\box85
\algocf@skipuntil=\skip90
\algocf@capbox=\box86
\algocf@lcaptionbox=\skip91
\algoheightruledefault=\skip92
\algoheightrule=\skip93
\algotitleheightruledefault=\skip94
\algotitleheightrule=\skip95
\c@algocfline=\count349
\c@algocfproc=\count350
\c@algocf=\count351
\algocf@algoframe=\box87
\algocf@algobox=\box88
)
(C:\Users\Paul Baselt\AppData\Local\Programs\MiKTeX\tex/latex/biblatex\biblatex
.sty
Package: biblatex 2023/03/05 v3.19 programmable bibliographies (PK/MW)

(C:\Users\Paul Baselt\AppData\Local\Programs\MiKTeX\tex/latex/kvoptions\kvoptio
ns.sty
Package: kvoptions 2022-06-15 v3.15 Key value format for package options (HO)

(C:\Users\Paul Baselt\AppData\Local\Programs\MiKTeX\tex/latex/kvsetkeys\kvsetke
ys.sty
Package: kvsetkeys 2022-10-05 v1.19 Key value parser (HO)
))
(C:\Users\Paul Baselt\AppData\Local\Programs\MiKTeX\tex/latex/logreq\logreq.sty
Package: logreq 2010/08/04 v1.0 xml request logger
\lrq@indent=\count352

(C:\Users\Paul Baselt\AppData\Local\Programs\MiKTeX\tex/latex/logreq\logreq.def
File: logreq.def 2010/08/04 v1.0 logreq spec v1.0
)) (C:\Users\Paul Baselt\AppData\Local\Programs\MiKTeX\tex/latex/url\url.sty
\Urlmuskip=\muskip17
Package: url 2013/09/16  ver 3.4  Verb mode for urls, etc.
)
\c@tabx@nest=\count353
\c@listtotal=\count354
\c@listcount=\count355
\c@liststart=\count356
\c@liststop=\count357
\c@citecount=\count358
\c@citetotal=\count359
\c@multicitecount=\count360
\c@multicitetotal=\count361
\c@instcount=\count362
\c@maxnames=\count363
\c@minnames=\count364
\c@maxitems=\count365
\c@minitems=\count366
\c@citecounter=\count367
\c@maxcitecounter=\count368
\c@savedcitecounter=\count369
\c@uniquelist=\count370
\c@uniquename=\count371
\c@refsection=\count372
\c@refsegment=\count373
\c@maxextratitle=\count374
\c@maxextratitleyear=\count375
\c@maxextraname=\count376
\c@maxextradate=\count377
\c@maxextraalpha=\count378
\c@abbrvpenalty=\count379
\c@highnamepenalty=\count380
\c@lownamepenalty=\count381
\c@maxparens=\count382
\c@parenlevel=\count383
\blx@tempcnta=\count384
\blx@tempcntb=\count385
\blx@tempcntc=\count386
\c@blx@maxsection=\count387
\blx@maxsegment@0=\count388
\blx@notetype=\count389
\blx@parenlevel@text=\count390
\blx@parenlevel@foot=\count391
\blx@sectionciteorder@0=\count392
\blx@sectionciteorderinternal@0=\count393
\blx@entrysetcounter=\count394
\blx@biblioinstance=\count395
\labelnumberwidth=\skip96
\labelalphawidth=\skip97
\biblabelsep=\skip98
\bibitemsep=\skip99
\bibnamesep=\skip100
\bibinitsep=\skip101
\bibparsep=\skip102
\bibhang=\skip103
\blx@bcfin=\read4
\blx@bcfout=\write4
\blx@langwohyphens=\language80
\c@mincomprange=\count396
\c@maxcomprange=\count397
\c@mincompwidth=\count398
Package biblatex Info: Trying to load biblatex default data model...
Package biblatex Info: ... file 'blx-dm.def' found.

(C:\Users\Paul Baselt\AppData\Local\Programs\MiKTeX\tex/latex/biblatex\blx-dm.d
ef
File: blx-dm.def 2023/03/05 v3.19 biblatex localization (PK/MW)
)
Package biblatex Info: Trying to load biblatex style data model...
Package biblatex Info: ... file 'authoryear.dbx' not found.
Package biblatex Info: Trying to load biblatex custom data model...
Package biblatex Info: ... file 'biblatex-dm.cfg' not found.
\c@afterword=\count399
\c@savedafterword=\count400
\c@annotator=\count401
\c@savedannotator=\count402
\c@author=\count403
\c@savedauthor=\count404
\c@bookauthor=\count405
\c@savedbookauthor=\count406
\c@commentator=\count407
\c@savedcommentator=\count408
\c@editor=\count409
\c@savededitor=\count410
\c@editora=\count411
\c@savededitora=\count412
\c@editorb=\count413
\c@savededitorb=\count414
\c@editorc=\count415
\c@savededitorc=\count416
\c@foreword=\count417
\c@savedforeword=\count418
\c@holder=\count419
\c@savedholder=\count420
\c@introduction=\count421
\c@savedintroduction=\count422
\c@namea=\count423
\c@savednamea=\count424
\c@nameb=\count425
\c@savednameb=\count426
\c@namec=\count427
\c@savednamec=\count428
\c@translator=\count429
\c@savedtranslator=\count430
\c@shortauthor=\count431
\c@savedshortauthor=\count432
\c@shorteditor=\count433
\c@savedshorteditor=\count434
\c@labelname=\count435
\c@savedlabelname=\count436
\c@institution=\count437
\c@savedinstitution=\count438
\c@lista=\count439
\c@savedlista=\count440
\c@listb=\count441
\c@savedlistb=\count442
\c@listc=\count443
\c@savedlistc=\count444
\c@listd=\count445
\c@savedlistd=\count446
\c@liste=\count447
\c@savedliste=\count448
\c@listf=\count449
\c@savedlistf=\count450
\c@location=\count451
\c@savedlocation=\count452
\c@organization=\count453
\c@savedorganization=\count454
\c@origlocation=\count455
\c@savedoriglocation=\count456
\c@origpublisher=\count457
\c@savedorigpublisher=\count458
\c@publisher=\count459
\c@savedpublisher=\count460
\c@language=\count461
\c@savedlanguage=\count462
\c@origlanguage=\count463
\c@savedoriglanguage=\count464
\c@pageref=\count465
\c@savedpageref=\count466
\shorthandwidth=\skip104
\shortjournalwidth=\skip105
\shortserieswidth=\skip106
\shorttitlewidth=\skip107
\shortauthorwidth=\skip108
\shorteditorwidth=\skip109
\locallabelnumberwidth=\skip110
\locallabelalphawidth=\skip111
\localshorthandwidth=\skip112
\localshortjournalwidth=\skip113
\localshortserieswidth=\skip114
\localshorttitlewidth=\skip115
\localshortauthorwidth=\skip116
\localshorteditorwidth=\skip117
Package biblatex Info: Trying to load compatibility code...
Package biblatex Info: ... file 'blx-compat.def' found.

(C:\Users\Paul Baselt\AppData\Local\Programs\MiKTeX\tex/latex/biblatex\blx-comp
at.def
File: blx-compat.def 2023/03/05 v3.19 biblatex compatibility (PK/MW)
)
Package biblatex Info: Trying to load generic definitions...
Package biblatex Info: ... file 'biblatex.def' found.

(C:\Users\Paul Baselt\AppData\Local\Programs\MiKTeX\tex/latex/biblatex\biblatex
.def
File: biblatex.def 2023/03/05 v3.19 biblatex compatibility (PK/MW)
\c@textcitecount=\count467
\c@textcitetotal=\count468
\c@textcitemaxnames=\count469
\c@biburlbigbreakpenalty=\count470
\c@biburlbreakpenalty=\count471
\c@biburlnumpenalty=\count472
\c@biburlucpenalty=\count473
\c@biburllcpenalty=\count474
\biburlbigskip=\muskip18
\biburlnumskip=\muskip19
\biburlucskip=\muskip20
\biburllcskip=\muskip21
\c@smartand=\count475
)
Package biblatex Info: Trying to load bibliography style 'authoryear'...
Package biblatex Info: ... file 'authoryear.bbx' found.

(C:\Users\Paul Baselt\AppData\Local\Programs\MiKTeX\tex/latex/biblatex/bbx\auth
oryear.bbx
File: authoryear.bbx 2023/03/05 v3.19 biblatex bibliography style (PK/MW)
Package biblatex Info: Trying to load bibliography style 'standard'...
Package biblatex Info: ... file 'standard.bbx' found.

(C:\Users\Paul Baselt\AppData\Local\Programs\MiKTeX\tex/latex/biblatex/bbx\stan
dard.bbx
File: standard.bbx 2023/03/05 v3.19 biblatex bibliography style (PK/MW)
\c@bbx:relatedcount=\count476
\c@bbx:relatedtotal=\count477
))
Package biblatex Info: Trying to load citation style 'authoryear'...
Package biblatex Info: ... file 'authoryear.cbx' found.

(C:\Users\Paul Baselt\AppData\Local\Programs\MiKTeX\tex/latex/biblatex/cbx\auth
oryear.cbx
File: authoryear.cbx 2023/03/05 v3.19 biblatex citation style (PK/MW)
Package biblatex Info: Redefining '\cite'.
Package biblatex Info: Redefining '\parencite'.
Package biblatex Info: Redefining '\footcite'.
Package biblatex Info: Redefining '\footcitetext'.
Package biblatex Info: Redefining '\smartcite'.
Package biblatex Info: Redefining '\textcite'.
Package biblatex Info: Redefining '\textcites'.
)
Package biblatex Info: Trying to load configuration file...
Package biblatex Info: ... file 'biblatex.cfg' found.

(C:\Users\Paul Baselt\AppData\Local\Programs\MiKTeX\tex/latex/biblatex\biblatex
.cfg
File: biblatex.cfg 
)
Package biblatex Info: Input encoding 'utf8' detected.
Package biblatex Info: Document encoding is UTF8 ....
Package biblatex Info: ... and expl3
(biblatex)             2024-01-04 L3 programming layer (loader) 
(biblatex)             is new enough (at least 2020/04/06),
(biblatex)             setting 'casechanger=expl3'.

(C:\Users\Paul Baselt\AppData\Local\Programs\MiKTeX\tex/latex/biblatex\blx-case
-expl3.sty
Package: blx-case-expl3 2023/03/05 v3.19 expl3 case changing code for biblatex
))
(C:\Users\Paul Baselt\AppData\Local\Programs\MiKTeX\tex/latex/geometry\geometry
.sty
Package: geometry 2020/01/02 v5.9 Page Geometry

(C:\Users\Paul Baselt\AppData\Local\Programs\MiKTeX\tex/generic/iftex\ifvtex.st
y
Package: ifvtex 2019/10/25 v1.7 ifvtex legacy package. Use iftex instead.
)
\Gm@cnth=\count478
\Gm@cntv=\count479
\c@Gm@tempcnt=\count480
\Gm@bindingoffset=\dimen323
\Gm@wd@mp=\dimen324
\Gm@odd@mp=\dimen325
\Gm@even@mp=\dimen326
\Gm@layoutwidth=\dimen327
\Gm@layoutheight=\dimen328
\Gm@layouthoffset=\dimen329
\Gm@layoutvoffset=\dimen330
\Gm@dimlist=\toks53

(C:\Users\Paul Baselt\AppData\Local\Programs\MiKTeX\tex/latex/geometry\geometry
.cfg))
(C:\Users\Paul Baselt\AppData\Local\Programs\MiKTeX\tex/latex/setspace\setspace
.sty
Package: setspace 2022/12/04 v6.7b set line spacing
)
(C:\Users\Paul Baselt\AppData\Local\Programs\MiKTeX\tex/latex/hyperref\hyperref
.sty
Package: hyperref 2023-11-26 v7.01g Hypertext links for LaTeX

(C:\Users\Paul Baselt\AppData\Local\Programs\MiKTeX\tex/generic/kvdefinekeys\kv
definekeys.sty
Package: kvdefinekeys 2019-12-19 v1.6 Define keys (HO)
)
(C:\Users\Paul Baselt\AppData\Local\Programs\MiKTeX\tex/generic/pdfescape\pdfes
cape.sty
Package: pdfescape 2019/12/09 v1.15 Implements pdfTeX's escape features (HO)
)
(C:\Users\Paul Baselt\AppData\Local\Programs\MiKTeX\tex/latex/hycolor\hycolor.s
ty
Package: hycolor 2020-01-27 v1.10 Color options for hyperref/bookmark (HO)
)
(C:\Users\Paul Baselt\AppData\Local\Programs\MiKTeX\tex/latex/letltxmacro\letlt
xmacro.sty
Package: letltxmacro 2019/12/03 v1.6 Let assignment for LaTeX macros (HO)
)
(C:\Users\Paul Baselt\AppData\Local\Programs\MiKTeX\tex/latex/auxhook\auxhook.s
ty
Package: auxhook 2019-12-17 v1.6 Hooks for auxiliary files (HO)
)
(C:\Users\Paul Baselt\AppData\Local\Programs\MiKTeX\tex/latex/hyperref\nameref.
sty
Package: nameref 2023-11-26 v2.56 Cross-referencing by name of section

(C:\Users\Paul Baselt\AppData\Local\Programs\MiKTeX\tex/latex/refcount\refcount
.sty
Package: refcount 2019/12/15 v3.6 Data extraction from label references (HO)
)
(C:\Users\Paul Baselt\AppData\Local\Programs\MiKTeX\tex/generic/gettitlestring\
gettitlestring.sty
Package: gettitlestring 2019/12/15 v1.6 Cleanup title references (HO)
)
\c@section@level=\count481
)
\@linkdim=\dimen331
\Hy@linkcounter=\count482
\Hy@pagecounter=\count483

(C:\Users\Paul Baselt\AppData\Local\Programs\MiKTeX\tex/latex/hyperref\pd1enc.d
ef
File: pd1enc.def 2023-11-26 v7.01g Hyperref: PDFDocEncoding definition (HO)
Now handling font encoding PD1 ...
... no UTF-8 mapping file for font encoding PD1
)
(C:\Users\Paul Baselt\AppData\Local\Programs\MiKTeX\tex/generic/intcalc\intcalc
.sty
Package: intcalc 2019/12/15 v1.3 Expandable calculations with integers (HO)
)
\Hy@SavedSpaceFactor=\count484

(C:\Users\Paul Baselt\AppData\Local\Programs\MiKTeX\tex/latex/hyperref\puenc.de
f
File: puenc.def 2023-11-26 v7.01g Hyperref: PDF Unicode definition (HO)
Now handling font encoding PU ...
... no UTF-8 mapping file for font encoding PU
)
Package hyperref Info: Hyper figures OFF on input line 4181.
Package hyperref Info: Link nesting OFF on input line 4186.
Package hyperref Info: Hyper index ON on input line 4189.
Package hyperref Info: Plain pages OFF on input line 4196.
Package hyperref Info: Backreferencing OFF on input line 4201.
Package hyperref Info: Implicit mode ON; LaTeX internals redefined.
Package hyperref Info: Bookmarks ON on input line 4448.
\c@Hy@tempcnt=\count485
LaTeX Info: Redefining \url on input line 4786.
\XeTeXLinkMargin=\dimen332

(C:\Users\Paul Baselt\AppData\Local\Programs\MiKTeX\tex/generic/bitset\bitset.s
ty
Package: bitset 2019/12/09 v1.3 Handle bit-vector datatype (HO)

(C:\Users\Paul Baselt\AppData\Local\Programs\MiKTeX\tex/generic/bigintcalc\bigi
ntcalc.sty
Package: bigintcalc 2019/12/15 v1.5 Expandable calculations on big integers (HO
)
))
\Fld@menulength=\count486
\Field@Width=\dimen333
\Fld@charsize=\dimen334
Package hyperref Info: Hyper figures OFF on input line 6065.
Package hyperref Info: Link nesting OFF on input line 6070.
Package hyperref Info: Hyper index ON on input line 6073.
Package hyperref Info: backreferencing OFF on input line 6080.
Package hyperref Info: Link coloring OFF on input line 6085.
Package hyperref Info: Link coloring with OCG OFF on input line 6090.
Package hyperref Info: PDF/A mode OFF on input line 6095.

(C:\Users\Paul Baselt\AppData\Local\Programs\MiKTeX\tex/latex/base\atbegshi-ltx
.sty
Package: atbegshi-ltx 2021/01/10 v1.0c Emulation of the original atbegshi
package with kernel methods
)
\Hy@abspage=\count487
\c@Item=\count488
\c@Hfootnote=\count489
)
Package hyperref Info: Driver (autodetected): hpdftex.

(C:\Users\Paul Baselt\AppData\Local\Programs\MiKTeX\tex/latex/hyperref\hpdftex.
def
File: hpdftex.def 2023-11-26 v7.01g Hyperref driver for pdfTeX

(C:\Users\Paul Baselt\AppData\Local\Programs\MiKTeX\tex/latex/base\atveryend-lt
x.sty
Package: atveryend-ltx 2020/08/19 v1.0a Emulation of the original atveryend pac
kage
with kernel methods
)
\Fld@listcount=\count490
\c@bookmark@seq@number=\count491

(C:\Users\Paul Baselt\AppData\Local\Programs\MiKTeX\tex/latex/rerunfilecheck\re
runfilecheck.sty
Package: rerunfilecheck 2025-06-21 v1.11 Rerun checks for auxiliary files (HO)

(C:\Users\Paul Baselt\AppData\Local\Programs\MiKTeX\tex/generic/uniquecounter\u
niquecounter.sty
Package: uniquecounter 2019/12/15 v1.4 Provide unlimited unique counter (HO)
)
Package uniquecounter Info: New unique counter `rerunfilecheck' on input line 2
84.
)
\Hy@SectionHShift=\skip118
)
Package hyperref Info: Option `colorlinks' set `true' on input line 52.

(C:\Users\Paul Baselt\AppData\Local\Programs\MiKTeX\tex/latex/cleveref\cleveref
.sty
Package: cleveref 2018/03/27 v0.21.4 Intelligent cross-referencing
Package cleveref Info: `hyperref' support loaded on input line 2370.
LaTeX Info: Redefining \cref on input line 2370.
LaTeX Info: Redefining \Cref on input line 2370.
LaTeX Info: Redefining \crefrange on input line 2370.
LaTeX Info: Redefining \Crefrange on input line 2370.
LaTeX Info: Redefining \cpageref on input line 2370.
LaTeX Info: Redefining \Cpageref on input line 2370.
LaTeX Info: Redefining \cpagerefrange on input line 2370.
LaTeX Info: Redefining \Cpagerefrange on input line 2370.
LaTeX Info: Redefining \labelcref on input line 2370.
LaTeX Info: Redefining \labelcpageref on input line 2370.
Package cleveref Info: `amsthm' support loaded on input line 3026.
Package cleveref Info: `listings' support loaded on input line 3131.
Package cleveref Info: `algorithm2e' support loaded on input line 3147.
)
(C:\Users\Paul Baselt\AppData\Local\Programs\MiKTeX\tex/latex/abstract\abstract
.sty
Package: abstract 2009/06/08 v1.2a configurable abstracts
\abstitleskip=\skip119
\absleftindent=\skip120
\absrightindent=\skip121
\absparindent=\skip122
\absparsep=\skip123
)
\c@definition=\count492
\c@hypothesis=\count493
\c@theorem=\count494
Package csquotes Info: Checking for multilingual support...
Package csquotes Info: ... found 'babel' package.
Package csquotes Info: Adjusting default style.
Package csquotes Info: Redefining alias 'default' -> 'english'.

! Undefined control sequence.
\__hook begindocument/before ...\IfPackageLoadedF 
                                                  {bookmark}{\if@scr@autoloa...
l.102 \begin{document}
                      
The control sequence at the end of the top line
of your error message was never \def'ed. If you have
misspelled it (e.g., `\hobx'), type `I' and the correct
spelling (e.g., `I\hbox'). Otherwise just continue,
and I'll forget about whatever was undefined.


! LaTeX Error: Missing \begin{document}.

See the LaTeX manual or LaTeX Companion for explanation.
Type  H <return>  for immediate help.
 ...                                              
                                                  
l.102 \begin{document}
                      
You're in trouble here.  Try typing  <return>  to proceed.
If that doesn't work, type  X <return>  to quit.

Class scrreprt Info: loading recommended package `bookmark'.
(scrreprt)           Using `bookmark' together with `hyperref' is recommended,
(scrreprt)           because of handling of possible bookmark level gaps.
(scrreprt)           You can avoid loading `bookmark' with KOMA-Script option
(scrreprt)           `bookmarkpackage=false' before \begin{document} and
(scrreprt)           you can avoid this message adding:
(scrreprt)             \usepackage{bookmark}
(scrreprt)           before \begin{document} on input line 102.

(C:\Users\Paul Baselt\AppData\Local\Programs\MiKTeX\tex/latex/bookmark\bookmark
.sty
Package: bookmark 2023-12-10 v1.31 PDF bookmarks (HO)

(C:\Users\Paul Baselt\AppData\Local\Programs\MiKTeX\tex/latex/bookmark\bkm-pdft
ex.def
File: bkm-pdftex.def 2023-12-10 v1.31 bookmark driver for pdfTeX and luaTeX (HO
)
\BKM@id=\count495
))
LaTeX Font Info:    Trying to load font information for T1+lmr on input line 10
2.

(C:\Users\Paul Baselt\AppData\Local\Programs\MiKTeX\tex/latex/lm\t1lmr.fd
File: t1lmr.fd 2015/05/01 v1.6.1 Font defs for Latin Modern
)
(Masterarbeit.aux)
\openout1 = `Masterarbeit.aux'.

LaTeX Font Info:    Checking defaults for OML/cmm/m/it on input line 102.
LaTeX Font Info:    ... okay on input line 102.
LaTeX Font Info:    Checking defaults for OMS/cmsy/m/n on input line 102.
LaTeX Font Info:    ... okay on input line 102.
LaTeX Font Info:    Checking defaults for OT1/cmr/m/n on input line 102.
LaTeX Font Info:    ... okay on input line 102.
LaTeX Font Info:    Checking defaults for T1/cmr/m/n on input line 102.
LaTeX Font Info:    ... okay on input line 102.
LaTeX Font Info:    Checking defaults for TS1/cmr/m/n on input line 102.
LaTeX Font Info:    ... okay on input line 102.
LaTeX Font Info:    Checking defaults for OMX/cmex/m/n on input line 102.
LaTeX Font Info:    ... okay on input line 102.
LaTeX Font Info:    Checking defaults for U/cmr/m/n on input line 102.
LaTeX Font Info:    ... okay on input line 102.
LaTeX Font Info:    Checking defaults for PD1/pdf/m/n on input line 102.
LaTeX Font Info:    ... okay on input line 102.
LaTeX Font Info:    Checking defaults for PU/pdf/m/n on input line 102.
LaTeX Font Info:    ... okay on input line 102.
Package scrbase Info: activating english \abstractname on input line 102.
Package scrbase Info: activating english \partname on input line 102.
Package scrbase Info: activating english \chaptername on input line 102.
Package scrbase Info: activating english \appendixname on input line 102.
Package scrbase Info: activating english \figurename on input line 102.
Package scrbase Info: activating english \tablename on input line 102.
Package scrbase Info: activating english \contentsname on input line 102.
Package scrbase Info: activating english \listfigurename on input line 102.
Package scrbase Info: activating english \listtablename on input line 102.
Package scrbase Info: activating english \bibname on input line 102.
Package scrbase Info: activating english \indexname on input line 102.

! Undefined control sequence.
\__hook begindocument ...name }}\IfPackageLoadedT 
                                                  {tocbibind}{\PackageInfo {...
l.102 \begin{document}
                      
The control sequence at the end of the top line
of your error message was never \def'ed. If you have
misspelled it (e.g., `\hobx'), type `I' and the correct
spelling (e.g., `I\hbox'). Otherwise just continue,
and I'll forget about whatever was undefined.

Package tocbasic Info: usage of `tocbibind' detected on input line 102.

(C:\Users\Paul Baselt\AppData\Local\Programs\MiKTeX\tex/latex/translations/dict
s\translations-basic-dictionary-english.trsl
File: translations-basic-dictionary-english.trsl (english translation file `tra
nslations-basic-dictionary')
)
Package translations Info: loading dictionary `translations-basic-dictionary' f
or `english'. on input line 102.

(C:\Users\Paul Baselt\AppData\Local\Programs\MiKTeX\tex/latex/translations/dict
s\translations-basic-dictionary-german.trsl
File: translations-basic-dictionary-german.trsl (german translation file `trans
lations-basic-dictionary')
)
Package translations Info: loading dictionary `translations-basic-dictionary' f
or `german'. on input line 102.

(C:\Users\Paul Baselt\AppData\Local\Programs\MiKTeX\tex/context/base/mkii\supp-
pdf.mkii
[Loading MPS to PDF converter (version 2006.09.02).]
\scratchcounter=\count496
\scratchdimen=\dimen335
\scratchbox=\box89
\nofMPsegments=\count497
\nofMParguments=\count498
\everyMPshowfont=\toks54
\MPscratchCnt=\count499
\MPscratchDim=\dimen336
\MPnumerator=\count500
\makeMPintoPDFobject=\count501
\everyMPtoPDFconversion=\toks55
)
(C:\Users\Paul Baselt\AppData\Local\Programs\MiKTeX\tex/latex/epstopdf-pkg\epst
opdf-base.sty
Package: epstopdf-base 2020-01-24 v2.11 Base part for package epstopdf
Package epstopdf-base Info: Redefining graphics rule for `.eps' on input line 4
85.

(C:\Users\Paul Baselt\AppData\Local\Programs\MiKTeX\tex/latex/00miktex\epstopdf
-sys.cfg
File: epstopdf-sys.cfg 2021/03/18 v2.0 Configuration of epstopdf for MiKTeX
))
Package caption Info: Begin \AtBeginDocument code.
Package caption Info: hyperref package is loaded.
Package caption Info: listings package is loaded.
Package caption Info: End \AtBeginDocument code.

Package pgfplots notification 'compat/show suggested version=true': document ha
s been generated with the most recent feature set (\pgfplotsset{compat=1.18}).

\c@lstlisting=\count502
Package biblatex Info: Trying to load language 'english'...
Package biblatex Info: ... file 'english.lbx' found.

(C:\Users\Paul Baselt\AppData\Local\Programs\MiKTeX\tex/latex/biblatex/lbx\engl
ish.lbx
File: english.lbx 2023/03/05 v3.19 biblatex localization (PK/MW)
)
Package biblatex Info: Trying to load language 'ngerman'...
Package biblatex Info: ... file 'ngerman.lbx' found.

(C:\Users\Paul Baselt\AppData\Local\Programs\MiKTeX\tex/latex/biblatex/lbx\nger
man.lbx
File: ngerman.lbx 2023/03/05 v3.19 biblatex localization (PK/MW)
Package biblatex Info: Trying to load language 'german'...
Package biblatex Info: ... file 'german.lbx' found.

(C:\Users\Paul Baselt\AppData\Local\Programs\MiKTeX\tex/latex/biblatex/lbx\germ
an.lbx
File: german.lbx 2023/03/05 v3.19 biblatex localization (PK/MW)
)
Package biblatex Info: Trying to load language 'german'...
Package biblatex Info: ... file 'german.lbx' found.

(C:\Users\Paul Baselt\AppData\Local\Programs\MiKTeX\tex/latex/biblatex/lbx\germ
an.lbx
File: german.lbx 2023/03/05 v3.19 biblatex localization (PK/MW)
))
Package biblatex Info: Input encoding 'utf8' detected.
Package biblatex Info: Automatic encoding selection.
(biblatex)             Assuming data encoding 'utf8'.
\openout4 = `Masterarbeit.bcf'.

Package biblatex Info: Trying to load bibliographic data...
Package biblatex Info: ... file 'Masterarbeit.bbl' not found.

No file Masterarbeit.bbl.
Package biblatex Info: Reference section=0 on input line 102.
Package biblatex Info: Reference segment=0 on input line 102.
*geometry* driver: auto-detecting
*geometry* detected driver: pdftex
*geometry* verbose mode - [ preamble ] result:
* driver: pdftex
* paper: a4paper
* layout: <same size as paper>
* layoutoffset:(h,v)=(0.0pt,0.0pt)
* modes: twoside 
* h-part:(L,W,R)=(85.35826pt, 441.01773pt, 71.13188pt)
* v-part:(T,H,B)=(71.13188pt, 702.78308pt, 71.13188pt)
* \paperwidth=597.50787pt
* \paperheight=845.04684pt
* \textwidth=441.01773pt
* \textheight=702.78308pt
* \oddsidemargin=13.08827pt
* \evensidemargin=-1.1381pt
* \topmargin=-41.0131pt
* \headheight=18.125pt
* \headsep=21.75pt
* \topskip=12.0pt
* \footskip=50.75pt
* \marginparwidth=74.68849pt
* \marginparsep=12.8401pt
* \columnsep=10.0pt
* \skip\footins=10.8pt plus 4.0pt minus 2.0pt
* \hoffset=0.0pt
* \voffset=0.0pt
* \mag=1000
* \@twocolumnfalse
* \@twosidetrue
* \@mparswitchtrue
* \@reversemarginfalse
* (1in=72.27pt=25.4mm, 1cm=28.453pt)

Package hyperref Info: Link coloring ON on input line 102.
(Masterarbeit.out) (Masterarbeit.out)
\@outlinefile=\write5
\openout5 = `Masterarbeit.out'.


! Undefined control sequence.
\__hook begindocument/end ->\IfPackageLoadedT 
                                              {hyperref}{\IfPackageLoadedF {...
l.102 \begin{document}
                      
The control sequence at the end of the top line
of your error message was never \def'ed. If you have
misspelled it (e.g., `\hobx'), type `I' and the correct
spelling (e.g., `I\hbox'). Otherwise just continue,
and I'll forget about whatever was undefined.

! Undefined control sequence.
\__hook begindocument/end ...f}{\IfPackageLoadedF 
                                                  {bookmark}{\__scrkernel_em...
l.102 \begin{document}
                      
The control sequence at the end of the top line
of your error message was never \def'ed. If you have
misspelled it (e.g., `\hobx'), type `I' and the correct
spelling (e.g., `I\hbox'). Otherwise just continue,
and I'll forget about whatever was undefined.

Class scrreprt Info: running emergency toclevel cleanup on input line 102.
[2

{C:/Users/Paul Baselt/AppData/Local/Programs/MiKTeX/fonts/enc/dvips/lm/lm-ec.en
c}]
LaTeX Font Info:    Trying to load font information for T1+lmss on input line 1
06.

(C:\Users\Paul Baselt\AppData\Local\Programs\MiKTeX\tex/latex/lm\t1lmss.fd
File: t1lmss.fd 2015/05/01 v1.6.1 Font defs for Latin Modern
)
LaTeX Font Info:    Trying to load font information for OT1+lmr on input line 1
06.

(C:\Users\Paul Baselt\AppData\Local\Programs\MiKTeX\tex/latex/lm\ot1lmr.fd
File: ot1lmr.fd 2015/05/01 v1.6.1 Font defs for Latin Modern
)
LaTeX Font Info:    Trying to load font information for OML+lmm on input line 1
06.

(C:\Users\Paul Baselt\AppData\Local\Programs\MiKTeX\tex/latex/lm\omllmm.fd
File: omllmm.fd 2015/05/01 v1.6.1 Font defs for Latin Modern
)
LaTeX Font Info:    Trying to load font information for OMS+lmsy on input line 
106.

(C:\Users\Paul Baselt\AppData\Local\Programs\MiKTeX\tex/latex/lm\omslmsy.fd
File: omslmsy.fd 2015/05/01 v1.6.1 Font defs for Latin Modern
)
LaTeX Font Info:    Trying to load font information for OMX+lmex on input line 
106.

(C:\Users\Paul Baselt\AppData\Local\Programs\MiKTeX\tex/latex/lm\omxlmex.fd
File: omxlmex.fd 2015/05/01 v1.6.1 Font defs for Latin Modern
)
LaTeX Font Info:    External font `lmex10' loaded for size
(Font)              <17.28> on input line 106.
LaTeX Font Info:    External font `lmex10' loaded for size
(Font)              <12> on input line 106.
LaTeX Font Info:    External font `lmex10' loaded for size
(Font)              <10> on input line 106.
LaTeX Font Info:    Trying to load font information for U+msa on input line 106
.

(C:\Users\Paul Baselt\AppData\Local\Programs\MiKTeX\tex/latex/amsfonts\umsa.fd
File: umsa.fd 2013/01/14 v3.01 AMS symbols A
)
LaTeX Font Info:    Trying to load font information for U+msb on input line 106
.
(C:\Users\Paul Baselt\AppData\Local\Programs\MiKTeX\tex/latex/amsfonts\umsb.fd
File: umsb.fd 2013/01/14 v3.01 AMS symbols B
) [1


]
pdfTeX warning (ext4): destination with the same identifier (name{page.2}) has 
been already used, duplicate ignored
<to be read again> 
                   \relax 
l.108 	\begin{abstract}
                        [2


]
Overfull \hbox (15.5416pt too wide) in paragraph at lines 109--110
\T1/lmr/m/n/12 zur Vorher-sage von Str-mungs-feldern in Multi-Kristall Sed-i-m
en-ta-tion-ssys-te-men. Whrend
 []


Overfull \hbox (7.65622pt too wide) in paragraph at lines 109--110
\T1/lmr/m/n/12 tra-di-tionelle com-pu-ta-tional fluid dy-nam-ics (CFD) Meth-o-d
en fr kom-plexe Multi-Partikel
 []

[3] [4


] [5] [6


]
Class scrreprt Info: running emergency toclevel cleanup on input line 125.
 (Masterarbeit.toc
LaTeX Font Info:    External font `lmex10' loaded for size
(Font)              <8> on input line 5.
LaTeX Font Info:    External font `lmex10' loaded for size
(Font)              <6> on input line 5.
)
\tf@toc=\write6
\openout6 = `Masterarbeit.toc'.

 [7] [8


] (Masterarbeit.lof)
\tf@lof=\write7
\openout7 = `Masterarbeit.lof'.

 [9] [10


]
(Masterarbeit.lot)
\tf@lot=\write8
\openout8 = `Masterarbeit.lot'.

 [11] [12


]
chapter 1.

Overfull \hbox (5.70592pt too wide) in paragraph at lines 137--138
\T1/lmr/m/n/12 dung ku-mu-la-tiver Schichten, die wichtige In-for-ma-tio-nen b
er die En-twick-lungs-geschichte
 []

LaTeX Font Info:    Trying to load font information for TS1+lmr on input line 1
44.
(C:\Users\Paul Baselt\AppData\Local\Programs\MiKTeX\tex/latex/lm\ts1lmr.fd
File: ts1lmr.fd 2015/05/01 v1.6.1 Font defs for Latin Modern
)
[13{C:/Users/Paul Baselt/AppData/Local/Programs/MiKTeX/fonts/enc/dvips/lm/lm-ts
1.enc}{C:/Users/Paul Baselt/AppData/Local/Programs/MiKTeX/fonts/enc/dvips/lm/lm
-mathit.enc}{C:/Users/Paul Baselt/AppData/Local/Programs/MiKTeX/fonts/enc/dvips
/lm/lm-mathsy.enc}{C:/Users/Paul Baselt/AppData/Local/Programs/MiKTeX/fonts/enc
/dvips/lm/lm-rm.enc}] [14]
chapter 2.

Overfull \hbox (13.63062pt too wide) in paragraph at lines 190--191
[]\T1/lmr/m/n/12 Fr niedrige Reynolds-Zahlen ($[] \OMS/lmsy/m/n/12 ^^\ \OT1/lm
r/m/n/12 1$\T1/lmr/m/n/12 ) vere-in-facht sich dies zu den Stokes-Gleichungen: 

 []

[15


{C:/Users/Paul Baselt/AppData/Local/Programs/MiKTeX/fonts/enc/dvips/lm/lm-mathe
x.enc}] [16]
chapter 3.
[17


] [18


]
chapter 4.
[19] [20


]
chapter 5.
[21] [22


]
chapter 6.
[23] [24


]
chapter 7.
[25] [26


]
chapter 8.
[27] [28


]
chapter A.
[29] [30


]
chapter B.

LaTeX Warning: Empty bibliography on input line 270.

[31] (Masterarbeit.aux)
 ***********
LaTeX2e <2023-11-01> patch level 1
L3 programming layer <2020/03/25>
 ***********


LaTeX Warning: There were undefined references.

Package rerunfilecheck Info: File `Masterarbeit.out' has not changed.
(rerunfilecheck)             Checksum: 8D56DD00AB7D2C72F2DDB2BB32E747F4;3480.

Package biblatex Warning: Please (re)run Biber on the file:
(biblatex)                Masterarbeit
(biblatex)                and rerun LaTeX afterwards.

Package logreq Info: Writing requests to 'Masterarbeit.run.xml'.
\openout1 = `Masterarbeit.run.xml'.

 ) 
Here is how much of TeX's memory you used:
 53643 strings out of 474486
 1244752 string characters out of 5740888
 2224811 words of memory out of 5000000
 75128 multiletter control sequences out of 15000+600000
 618981 words of font info for 78 fonts, out of 8000000 for 9000
 1143 hyphenation exceptions out of 8191
 108i,8n,107p,10909b,2855s stack positions out of 10000i,1000n,20000p,200000b,200000s
 <C:\Users\Paul Baselt\AppData\Local\MiKTeX\fonts/pk/ljfour/jknappen/ec/dpi60
0\ecrm1200.pk><C:/Users/Paul Baselt/AppData/Local/Programs/MiKTeX/fonts/type1/p
ublic/amsfonts/cm/cmr12.pfb><C:/Users/Paul Baselt/AppData/Local/Programs/MiKTeX
/fonts/type1/public/lm/lmbx12.pfb><C:/Users/Paul Baselt/AppData/Local/Programs/
MiKTeX/fonts/type1/public/lm/lmex10.pfb><C:/Users/Paul Baselt/AppData/Local/Pro
grams/MiKTeX/fonts/type1/public/lm/lmmi12.pfb><C:/Users/Paul Baselt/AppData/Loc
al/Programs/MiKTeX/fonts/type1/public/lm/lmmi8.pfb><C:/Users/Paul Baselt/AppDat
a/Local/Programs/MiKTeX/fonts/type1/public/lm/lmr12.pfb><C:/Users/Paul Baselt/A
ppData/Local/Programs/MiKTeX/fonts/type1/public/lm/lmr17.pfb><C:/Users/Paul Bas
elt/AppData/Local/Programs/MiKTeX/fonts/type1/public/lm/lmr8.pfb><C:/Users/Paul
 Baselt/AppData/Local/Programs/MiKTeX/fonts/type1/public/lm/lmri12.pfb><C:/User
s/Paul Baselt/AppData/Local/Programs/MiKTeX/fonts/type1/public/lm/lmssbx10.pfb>
<C:/Users/Paul Baselt/AppData/Local/Programs/MiKTeX/fonts/type1/public/lm/lmsy1
0.pfb><C:/Users/Paul Baselt/AppData/Local/Programs/MiKTeX/fonts/type1/public/lm
/lmsy8.pfb><C:/Users/Paul Baselt/AppData/Local/Programs/MiKTeX/fonts/type1/publ
ic/amsfonts/symbols/msbm10.pfb>
Output written on Masterarbeit.pdf (33 pages, 258701 bytes).
PDF statistics:
 353 PDF objects out of 1000 (max. 8388607)
 64 named destinations out of 1000 (max. 500000)
 149 words of extra memory for PDF output out of 10000 (max. 10000000)

